<?xml version="1.0" encoding="UTF-8"?>
<testng-results total="1" passed="1" failed="0" skipped="0">
  <reporter-output>
  </reporter-output>
  <suite started-at="2019-02-12T09:37:29Z" name="AntJenkinsTestsuite" finished-at="2019-02-12T09:38:32Z" duration-ms="63485">
    <groups>
    </groups>
    <test started-at="2019-02-12T09:37:29Z" name="MyTests" finished-at="2019-02-12T09:38:32Z" duration-ms="63485">
      <class name="MyProject.SmokeTest">
        <test-method signature="loginTest()[pri:0, instance:MyProject.SmokeTest@65466a6a]" started-at="2019-02-12T14:37:29Z" name="loginTest" finished-at="2019-02-12T14:38:32Z" duration-ms="63464" status="PASS">
          <reporter-output>
          </reporter-output>
        </test-method> <!-- loginTest -->
      </class> <!-- MyProject.SmokeTest -->
    </test> <!-- MyTests -->
  </suite> <!-- AntJenkinsTestsuite -->
</testng-results>
